Arguments: 
  /usr/bin/node /usr/share/yarn/bin/yarn.js run:sqlinj

PATH: 
  /usr/local/sbin:/usr/local/bin:/usr/sbin:/usr/bin:/sbin:/bin:/usr/games:/usr/local/games:/home/lelebus/.yarn/bin:/home/lelebus/.yarn/bin

Yarn version: 
  1.22.4

Node version: 
  13.14.0

Platform: 
  linux x64

Trace: 
  SyntaxError: /home/lelebus/Documents/UniBz/InformationSecurity/package.json: Unexpected token   in JSON at position 195
      at JSON.parse (<anonymous>)
      at /usr/share/yarn/lib/cli.js:1625:59
      at Generator.next (<anonymous>)
      at step (/usr/share/yarn/lib/cli.js:310:30)
      at /usr/share/yarn/lib/cli.js:321:13

npm manifest: 
  {
    "name": "pentesting",
    "version": "0.1.0",
    "private": true,
    "scripts": {
      "run:rce": "python3 RCE/main.py",
      "run:xss": "python3 XSS/xss_attack.py",
      "run:sqlinj": "python3 SQL\ Injection/sql.py"
    }
  }

yarn manifest: 
  No manifest

Lockfile: 
  # THIS IS AN AUTOGENERATED FILE. DO NOT EDIT THIS FILE DIRECTLY.
  # yarn lockfile v1
  
  
  python3@^0.0.1:
    version "0.0.1"
    resolved "https://registry.yarnpkg.com/python3/-/python3-0.0.1.tgz#9e3ae876b5b74a8f661dfec9c10bf5b0ea4ca5f7"
    integrity sha1-njrodrW3So9mHf7JwQv1sOpMpfc=
